<?xml version="1.0" encoding="UTF-8"?>
<testsuite xmlns:xsi="http://www.w3.org/2001/XMLSchema-instance" xsi:noNamespaceSchemaLocation="https://maven.apache.org/surefire/maven-surefire-plugin/xsd/surefire-test-report-3.0.xsd" version="3.0" name="com.transactions.interactors.usecases.AccountInfoUseCaseTest" time="0.004" tests="1" errors="0" skipped="0" failures="0">
  <properties>
[...]
</properties>
  <testcase name="shouldBeReturnAccountInformationWhenAccountInfoUseCaseIsCalled" classname="com.transactions.interactors.usecases.AccountInfoUseCaseTest" time="0.002">
    <system-out><![CDATA[08:24:16.155 [main] INFO com.transactions.interactors.usecases.AccountInfoUseCase -- USE CASE - execute - recovering account info - ACCOUNT ID: 3927a7c8-6a2a-4f14-91e7-e3582e000456
]]></system-out>
  </testcase>
</testsuite>